<?xml version="1.0" encoding="UTF-8"?>
<!-- Generated by org.testng.reporters.JUnitXMLReporter -->
<testsuite ignored="0" hostname="Mrprajapati" failures="0" tests="4" name="Test" time="21.207" errors="0" timestamp="2024-11-01T16:37:11 IST">
  <testcase classname="TestLayer.LoginPageTest" name="loginFunctionality" time="1.804"/>
  <testcase classname="TestLayer.AddToCartPageTest" name="validateAddToCart" time="6.519"/>
  <testcase classname="TestLayer.PersonalPageTest" name="validatePersonalPage" time="3.494"/>
  <testcase classname="TestLayer.FinishPageTest" name="validateFinishFunctionality" time="0.12"/>
</testsuite> <!-- Test -->
