<?xml version="1.0" encoding="UTF-8"?>
<testng-results ignored="0" total="4" passed="4" failed="0" skipped="0">
  <reporter-output>
  </reporter-output>
  <suite started-at="2024-11-01T16:36:50 IST" name="Suite" finished-at="2024-11-01T16:37:11 IST" duration-ms="21207">
    <groups>
    </groups>
    <test started-at="2024-11-01T16:36:50 IST" name="Test" finished-at="2024-11-01T16:37:11 IST" duration-ms="21207">
      <class name="TestLayer.FinishPageTest">
        <test-method signature="validateFinishFunctionality()[pri:0, instance:TestLayer.FinishPageTest@5af3afd9]" started-at="2024-11-01T16:37:10 IST" name="validateFinishFunctionality" finished-at="2024-11-01T16:37:10 IST" duration-ms="120" status="PASS">
          <reporter-output>
          </reporter-output>
        </test-method> <!-- validateFinishFunctionality -->
      </class> <!-- TestLayer.FinishPageTest -->
      <class name="TestLayer.AddToCartPageTest">
        <test-method signature="validateAddToCart()[pri:0, instance:TestLayer.AddToCartPageTest@3bb9a3ff]" started-at="2024-11-01T16:37:00 IST" name="validateAddToCart" finished-at="2024-11-01T16:37:06 IST" duration-ms="6519" status="PASS">
          <reporter-output>
          </reporter-output>
        </test-method> <!-- validateAddToCart -->
      </class> <!-- TestLayer.AddToCartPageTest -->
      <class name="TestLayer.LoginPageTest">
        <test-method is-config="true" signature="setUp(java.lang.String)[pri:0, instance:TestLayer.LoginPageTest@8dbdac1]" started-at="2024-11-01T16:36:50 IST" name="setUp" finished-at="2024-11-01T16:36:58 IST" duration-ms="7714" status="PASS">
          <params>
            <param index="0">
              <value>
                <![CDATA[chrome]]>
              </value>
            </param>
          </params>
          <reporter-output>
          </reporter-output>
        </test-method> <!-- setUp -->
        <test-method signature="loginFunctionality()[pri:0, instance:TestLayer.LoginPageTest@8dbdac1]" started-at="2024-11-01T16:36:58 IST" name="loginFunctionality" finished-at="2024-11-01T16:37:00 IST" duration-ms="1804" status="PASS">
          <reporter-output>
          </reporter-output>
        </test-method> <!-- loginFunctionality -->
        <test-method is-config="true" signature="tearDown()[pri:0, instance:TestLayer.LoginPageTest@8dbdac1]" started-at="2024-11-01T16:37:11 IST" name="tearDown" finished-at="2024-11-01T16:37:11 IST" duration-ms="284" status="PASS">
          <reporter-output>
          </reporter-output>
        </test-method> <!-- tearDown -->
      </class> <!-- TestLayer.LoginPageTest -->
      <class name="TestLayer.PersonalPageTest">
        <test-method signature="validatePersonalPage()[pri:0, instance:TestLayer.PersonalPageTest@661972b0]" started-at="2024-11-01T16:37:07 IST" name="validatePersonalPage" finished-at="2024-11-01T16:37:10 IST" duration-ms="3494" status="PASS">
          <reporter-output>
          </reporter-output>
        </test-method> <!-- validatePersonalPage -->
      </class> <!-- TestLayer.PersonalPageTest -->
    </test> <!-- Test -->
  </suite> <!-- Suite -->
</testng-results>
